<?xml version="1.0" encoding="utf-8"?><testsuites name="pytest tests"><testsuite name="pytest" errors="0" failures="0" skipped="0" tests="25" time="4.526" timestamp="2026-05-26T06:00:27.826540+00:00" hostname="agent-env-2cd799ea-647a-48fe-92fe-f2b559e47bc8"><testcase classname="backend.tests.test_valida_bacen.TestPublicValidate" name="test_validate_success" time="0.430" /><testcase classname="backend.tests.test_valida_bacen.TestPublicValidate" name="test_validate_invalid_token_404" time="0.053" /><testcase classname="backend.tests.test_valida_bacen.TestPublicValidate" name="test_validate_wrong_cnpj_403" time="0.047" /><testcase classname="backend.tests.test_valida_bacen.TestAuth" name="test_admin_login_success" time="0.272" /><testcase classname="backend.tests.test_valida_bacen.TestAuth" name="test_gerente_login_success" time="0.272" /><testcase classname="backend.tests.test_valida_bacen.TestAuth" name="test_login_wrong_password" time="0.271" /><testcase classname="backend.tests.test_valida_bacen.TestAuth" name="test_me_returns_user" time="0.324" /><testcase classname="backend.tests.test_valida_bacen.TestDashboard" name="test_admin_dashboard_full" time="0.051" /><testcase classname="backend.tests.test_valida_bacen.TestDashboard" name="test_gerente_dashboard_scoped" time="0.327" /><testcase classname="backend.tests.test_valida_bacen.TestProposalsListing" name="test_admin_sees_all" time="0.047" /><testcase classname="backend.tests.test_valida_bacen.TestProposalsListing" name="test_gerente_sees_only_assigned" time="0.050" /><testcase classname="backend.tests.test_valida_bacen.TestProposalsListing" name="test_gerente_403_on_unassigned" time="0.105" /><testcase classname="backend.tests.test_valida_bacen.TestProposalsListing" name="test_admin_get_any" time="0.095" /><testcase classname="backend.tests.test_valida_bacen.TestProposalsCRUD" name="test_create_duplicate_company_409" time="0.099" /><testcase classname="backend.tests.test_valida_bacen.TestProposalsCRUD" name="test_gerente_create_forces_own_id" time="0.150" /><testcase classname="backend.tests.test_valida_bacen.TestProposalsCRUD" name="test_update_status_appends_history" time="0.096" /><testcase classname="backend.tests.test_valida_bacen.TestProposalsCRUD" name="test_gerente_cannot_delete_others" time="0.095" /><testcase classname="backend.tests.test_valida_bacen.TestHistory" name="test_add_and_delete_history_entry" time="0.292" /><testcase classname="backend.tests.test_valida_bacen.TestCompanies" name="test_admin_crud" time="0.143" /><testcase classname="backend.tests.test_valida_bacen.TestCompanies" name="test_delete_blocked_when_proposals_exist" time="0.093" /><testcase classname="backend.tests.test_valida_bacen.TestCompanies" name="test_gerente_cannot_modify_companies" time="0.047" /><testcase classname="backend.tests.test_valida_bacen.TestCompanies" name="test_gerente_can_list_companies" time="0.047" /><testcase classname="backend.tests.test_valida_bacen.TestUsers" name="test_admin_user_crud" time="0.421" /><testcase classname="backend.tests.test_valida_bacen.TestUsers" name="test_gerente_cannot_list_users" time="0.048" /><testcase classname="backend.tests.test_valida_bacen.TestUsers" name="test_gerente_cannot_create_user" time="0.474" /></testsuite></testsuites>